<?xml version="1.0" encoding="UTF-8"?>
<beans xmlns="http://www.springframework.org/schema/beans"
       xmlns:xsi="http://www.w3.org/2001/XMLSchema-instance"
       xmlns:context="http://www.springframework.org/schema/context"
       xmlns:p="http://www.springframework.org/schema/p"
       xsi:schemaLocation="http://www.springframework.org/schema/beans http://www.springframework.org/schema/beans/spring-beans.xsd http://www.springframework.org/schema/context http://www.springframework.org/schema/context/spring-context.xsd">

    <context:annotation-config/>

    <bean id="propertyConfigurer"
          class="org.springframework.beans.factory.config.PropertyPlaceholderConfigurer"
          p:location="classpath:jdbc-test.properties" />

    <bean id="dataSource" class="com.jolbox.bonecp.BoneCPDataSource" destroy-method="close">
      <property name="driverClass" value="${jdbc.driverClassName}" />
      <property name="jdbcUrl" value="${jdbc.url}" />
      <property name="username" value="${jdbc.username}" />
      <property name="defaultAutoCommit" value="false" />
    </bean>

    <bean id="repository" class="us.fok.lenzenslijper.persistence.repositories.impl.JooqConsolidatedRepository">
        <constructor-arg ref="dataSource"/>
    </bean>

    <bean id="contentResource" class="us.fok.lenzenslijper.controllers.PublicContentController" />

</beans>
